<?xml version="1.0" encoding="UTF-8"?>
<testng-results skipped="0" failed="1" ignored="0" total="9" passed="8">
  <reporter-output>
  </reporter-output>
  <suite name="Gradle suite" duration-ms="27777" started-at="2018-11-06T16:54:30Z" finished-at="2018-11-06T16:54:58Z">
    <groups>
    </groups>
    <test name="Gradle test" duration-ms="27777" started-at="2018-11-06T16:54:30Z" finished-at="2018-11-06T16:54:58Z">
      <class name="one.protocol.api.tests.APITests">
        <test-method status="PASS" signature="logTestStart(java.lang.reflect.Method, [Ljava.lang.Object;)[pri:0, instance:one.protocol.api.tests.APITests@41cfa8fd]" name="logTestStart" is-config="true" duration-ms="53" started-at="2018-11-06T16:54:31Z" finished-at="2018-11-06T16:54:31Z">
          <params>
            <param index="0">
              <value>
                <![CDATA[public void one.protocol.api.tests.APITests.testAuthUser(one.protocol.api.model.User)]]>
              </value>
            </param>
            <param index="1">
              <value>
                <![CDATA[[Ljava.lang.Object;@6809d9c1]]>
              </value>
            </param>
          </params>
          <reporter-output>
          </reporter-output>
        </test-method> <!-- logTestStart -->
        <test-method status="PASS" signature="testAuthUser(one.protocol.api.model.User)[pri:0, instance:one.protocol.api.tests.APITests@41cfa8fd]" name="testAuthUser" duration-ms="5526" started-at="2018-11-06T16:54:31Z" description="Authentication  tests" data-provider="authDataFromJson" finished-at="2018-11-06T16:54:37Z">
          <params>
            <param index="0">
              <value>
                <![CDATA[User{testName='authUserPass'}]]>
              </value>
            </param>
          </params>
          <reporter-output>
          </reporter-output>
        </test-method> <!-- testAuthUser -->
        <test-method status="PASS" signature="losTestStop(java.lang.reflect.Method, [Ljava.lang.Object;)[pri:0, instance:one.protocol.api.tests.APITests@41cfa8fd]" name="losTestStop" is-config="true" duration-ms="1" started-at="2018-11-06T16:54:37Z" finished-at="2018-11-06T16:54:37Z">
          <params>
            <param index="0">
              <value>
                <![CDATA[public void one.protocol.api.tests.APITests.testAuthUser(one.protocol.api.model.User)]]>
              </value>
            </param>
            <param index="1">
              <value>
                <![CDATA[[Ljava.lang.Object;@6809d9c1]]>
              </value>
            </param>
          </params>
          <reporter-output>
          </reporter-output>
        </test-method> <!-- losTestStop -->
        <test-method status="PASS" signature="logTestStart(java.lang.reflect.Method, [Ljava.lang.Object;)[pri:0, instance:one.protocol.api.tests.APITests@41cfa8fd]" name="logTestStart" is-config="true" duration-ms="1" started-at="2018-11-06T16:54:37Z" finished-at="2018-11-06T16:54:37Z">
          <params>
            <param index="0">
              <value>
                <![CDATA[public void one.protocol.api.tests.APITests.testAuthUser(one.protocol.api.model.User)]]>
              </value>
            </param>
            <param index="1">
              <value>
                <![CDATA[[Ljava.lang.Object;@4945ceee]]>
              </value>
            </param>
          </params>
          <reporter-output>
          </reporter-output>
        </test-method> <!-- logTestStart -->
        <test-method status="PASS" signature="testAuthUser(one.protocol.api.model.User)[pri:0, instance:one.protocol.api.tests.APITests@41cfa8fd]" name="testAuthUser" duration-ms="1062" started-at="2018-11-06T16:54:37Z" description="Authentication  tests" data-provider="authDataFromJson" finished-at="2018-11-06T16:54:38Z">
          <params>
            <param index="0">
              <value>
                <![CDATA[User{testName='authUserFailWrongPassword'}]]>
              </value>
            </param>
          </params>
          <reporter-output>
          </reporter-output>
        </test-method> <!-- testAuthUser -->
        <test-method status="PASS" signature="losTestStop(java.lang.reflect.Method, [Ljava.lang.Object;)[pri:0, instance:one.protocol.api.tests.APITests@41cfa8fd]" name="losTestStop" is-config="true" duration-ms="1" started-at="2018-11-06T16:54:38Z" finished-at="2018-11-06T16:54:38Z">
          <params>
            <param index="0">
              <value>
                <![CDATA[public void one.protocol.api.tests.APITests.testAuthUser(one.protocol.api.model.User)]]>
              </value>
            </param>
            <param index="1">
              <value>
                <![CDATA[[Ljava.lang.Object;@4945ceee]]>
              </value>
            </param>
          </params>
          <reporter-output>
          </reporter-output>
        </test-method> <!-- losTestStop -->
        <test-method status="PASS" signature="logTestStart(java.lang.reflect.Method, [Ljava.lang.Object;)[pri:0, instance:one.protocol.api.tests.APITests@41cfa8fd]" name="logTestStart" is-config="true" duration-ms="1" started-at="2018-11-06T16:54:38Z" finished-at="2018-11-06T16:54:38Z">
          <params>
            <param index="0">
              <value>
                <![CDATA[public void one.protocol.api.tests.APITests.testAuthUser(one.protocol.api.model.User)]]>
              </value>
            </param>
            <param index="1">
              <value>
                <![CDATA[[Ljava.lang.Object;@743b901e]]>
              </value>
            </param>
          </params>
          <reporter-output>
          </reporter-output>
        </test-method> <!-- logTestStart -->
        <test-method status="PASS" signature="testAuthUser(one.protocol.api.model.User)[pri:0, instance:one.protocol.api.tests.APITests@41cfa8fd]" name="testAuthUser" duration-ms="6048" started-at="2018-11-06T16:54:38Z" description="Authentication  tests" data-provider="authDataFromJson" finished-at="2018-11-06T16:54:44Z">
          <params>
            <param index="0">
              <value>
                <![CDATA[User{testName='authUserFailGetCaptcha'}]]>
              </value>
            </param>
          </params>
          <reporter-output>
          </reporter-output>
        </test-method> <!-- testAuthUser -->
        <test-method status="PASS" signature="losTestStop(java.lang.reflect.Method, [Ljava.lang.Object;)[pri:0, instance:one.protocol.api.tests.APITests@41cfa8fd]" name="losTestStop" is-config="true" duration-ms="2" started-at="2018-11-06T16:54:44Z" finished-at="2018-11-06T16:54:44Z">
          <params>
            <param index="0">
              <value>
                <![CDATA[public void one.protocol.api.tests.APITests.testAuthUser(one.protocol.api.model.User)]]>
              </value>
            </param>
            <param index="1">
              <value>
                <![CDATA[[Ljava.lang.Object;@743b901e]]>
              </value>
            </param>
          </params>
          <reporter-output>
          </reporter-output>
        </test-method> <!-- losTestStop -->
        <test-method status="PASS" signature="logTestStart(java.lang.reflect.Method, [Ljava.lang.Object;)[pri:0, instance:one.protocol.api.tests.APITests@41cfa8fd]" name="logTestStart" is-config="true" duration-ms="1" started-at="2018-11-06T16:54:44Z" finished-at="2018-11-06T16:54:44Z">
          <params>
            <param index="0">
              <value>
                <![CDATA[public void one.protocol.api.tests.APITests.testAuthUser(one.protocol.api.model.User)]]>
              </value>
            </param>
            <param index="1">
              <value>
                <![CDATA[[Ljava.lang.Object;@7ce313cf]]>
              </value>
            </param>
          </params>
          <reporter-output>
          </reporter-output>
        </test-method> <!-- logTestStart -->
        <test-method status="PASS" signature="testAuthUser(one.protocol.api.model.User)[pri:0, instance:one.protocol.api.tests.APITests@41cfa8fd]" name="testAuthUser" duration-ms="11360" started-at="2018-11-06T16:54:44Z" description="Authentication  tests" data-provider="authDataFromJson" finished-at="2018-11-06T16:54:55Z">
          <params>
            <param index="0">
              <value>
                <![CDATA[User{testName='authUserFailGetTempBlock'}]]>
              </value>
            </param>
          </params>
          <reporter-output>
          </reporter-output>
        </test-method> <!-- testAuthUser -->
        <test-method status="PASS" signature="losTestStop(java.lang.reflect.Method, [Ljava.lang.Object;)[pri:0, instance:one.protocol.api.tests.APITests@41cfa8fd]" name="losTestStop" is-config="true" duration-ms="1" started-at="2018-11-06T16:54:55Z" finished-at="2018-11-06T16:54:55Z">
          <params>
            <param index="0">
              <value>
                <![CDATA[public void one.protocol.api.tests.APITests.testAuthUser(one.protocol.api.model.User)]]>
              </value>
            </param>
            <param index="1">
              <value>
                <![CDATA[[Ljava.lang.Object;@7ce313cf]]>
              </value>
            </param>
          </params>
          <reporter-output>
          </reporter-output>
        </test-method> <!-- losTestStop -->
        <test-method status="PASS" signature="logTestStart(java.lang.reflect.Method, [Ljava.lang.Object;)[pri:0, instance:one.protocol.api.tests.APITests@41cfa8fd]" name="logTestStart" is-config="true" duration-ms="1" started-at="2018-11-06T16:54:55Z" finished-at="2018-11-06T16:54:55Z">
          <params>
            <param index="0">
              <value>
                <![CDATA[public void one.protocol.api.tests.APITests.testCreateUser(one.protocol.api.model.User)]]>
              </value>
            </param>
            <param index="1">
              <value>
                <![CDATA[[Ljava.lang.Object;@5a021a43]]>
              </value>
            </param>
          </params>
          <reporter-output>
          </reporter-output>
        </test-method> <!-- logTestStart -->
        <test-method status="PASS" signature="testCreateUser(one.protocol.api.model.User)[pri:0, instance:one.protocol.api.tests.APITests@41cfa8fd]" name="testCreateUser" duration-ms="993" started-at="2018-11-06T16:54:55Z" description="Registration tests" data-provider="registrationDataFromJson" finished-at="2018-11-06T16:54:56Z">
          <params>
            <param index="0">
              <value>
                <![CDATA[User{testName='createUserPass'}]]>
              </value>
            </param>
          </params>
          <reporter-output>
          </reporter-output>
        </test-method> <!-- testCreateUser -->
        <test-method status="PASS" signature="losTestStop(java.lang.reflect.Method, [Ljava.lang.Object;)[pri:0, instance:one.protocol.api.tests.APITests@41cfa8fd]" name="losTestStop" is-config="true" duration-ms="1" started-at="2018-11-06T16:54:56Z" finished-at="2018-11-06T16:54:56Z">
          <params>
            <param index="0">
              <value>
                <![CDATA[public void one.protocol.api.tests.APITests.testCreateUser(one.protocol.api.model.User)]]>
              </value>
            </param>
            <param index="1">
              <value>
                <![CDATA[[Ljava.lang.Object;@5a021a43]]>
              </value>
            </param>
          </params>
          <reporter-output>
          </reporter-output>
        </test-method> <!-- losTestStop -->
        <test-method status="PASS" signature="logTestStart(java.lang.reflect.Method, [Ljava.lang.Object;)[pri:0, instance:one.protocol.api.tests.APITests@41cfa8fd]" name="logTestStart" is-config="true" duration-ms="1" started-at="2018-11-06T16:54:56Z" finished-at="2018-11-06T16:54:56Z">
          <params>
            <param index="0">
              <value>
                <![CDATA[public void one.protocol.api.tests.APITests.testCreateUser(one.protocol.api.model.User)]]>
              </value>
            </param>
            <param index="1">
              <value>
                <![CDATA[[Ljava.lang.Object;@3d578d53]]>
              </value>
            </param>
          </params>
          <reporter-output>
          </reporter-output>
        </test-method> <!-- logTestStart -->
        <test-method status="PASS" signature="testCreateUser(one.protocol.api.model.User)[pri:0, instance:one.protocol.api.tests.APITests@41cfa8fd]" name="testCreateUser" duration-ms="344" started-at="2018-11-06T16:54:56Z" description="Registration tests" data-provider="registrationDataFromJson" finished-at="2018-11-06T16:54:57Z">
          <params>
            <param index="0">
              <value>
                <![CDATA[User{testName='createUserFailExistingEmail'}]]>
              </value>
            </param>
          </params>
          <reporter-output>
          </reporter-output>
        </test-method> <!-- testCreateUser -->
        <test-method status="PASS" signature="losTestStop(java.lang.reflect.Method, [Ljava.lang.Object;)[pri:0, instance:one.protocol.api.tests.APITests@41cfa8fd]" name="losTestStop" is-config="true" duration-ms="2" started-at="2018-11-06T16:54:57Z" finished-at="2018-11-06T16:54:57Z">
          <params>
            <param index="0">
              <value>
                <![CDATA[public void one.protocol.api.tests.APITests.testCreateUser(one.protocol.api.model.User)]]>
              </value>
            </param>
            <param index="1">
              <value>
                <![CDATA[[Ljava.lang.Object;@3d578d53]]>
              </value>
            </param>
          </params>
          <reporter-output>
          </reporter-output>
        </test-method> <!-- losTestStop -->
        <test-method status="PASS" signature="logTestStart(java.lang.reflect.Method, [Ljava.lang.Object;)[pri:0, instance:one.protocol.api.tests.APITests@41cfa8fd]" name="logTestStart" is-config="true" duration-ms="1" started-at="2018-11-06T16:54:57Z" finished-at="2018-11-06T16:54:57Z">
          <params>
            <param index="0">
              <value>
                <![CDATA[public void one.protocol.api.tests.APITests.testCreateUser(one.protocol.api.model.User)]]>
              </value>
            </param>
            <param index="1">
              <value>
                <![CDATA[[Ljava.lang.Object;@15444187]]>
              </value>
            </param>
          </params>
          <reporter-output>
          </reporter-output>
        </test-method> <!-- logTestStart -->
        <test-method status="PASS" signature="testCreateUser(one.protocol.api.model.User)[pri:0, instance:one.protocol.api.tests.APITests@41cfa8fd]" name="testCreateUser" duration-ms="324" started-at="2018-11-06T16:54:57Z" description="Registration tests" data-provider="registrationDataFromJson" finished-at="2018-11-06T16:54:57Z">
          <params>
            <param index="0">
              <value>
                <![CDATA[User{testName='createUserFailShortPassword'}]]>
              </value>
            </param>
          </params>
          <reporter-output>
          </reporter-output>
        </test-method> <!-- testCreateUser -->
        <test-method status="PASS" signature="losTestStop(java.lang.reflect.Method, [Ljava.lang.Object;)[pri:0, instance:one.protocol.api.tests.APITests@41cfa8fd]" name="losTestStop" is-config="true" duration-ms="1" started-at="2018-11-06T16:54:57Z" finished-at="2018-11-06T16:54:57Z">
          <params>
            <param index="0">
              <value>
                <![CDATA[public void one.protocol.api.tests.APITests.testCreateUser(one.protocol.api.model.User)]]>
              </value>
            </param>
            <param index="1">
              <value>
                <![CDATA[[Ljava.lang.Object;@15444187]]>
              </value>
            </param>
          </params>
          <reporter-output>
          </reporter-output>
        </test-method> <!-- losTestStop -->
        <test-method status="PASS" signature="logTestStart(java.lang.reflect.Method, [Ljava.lang.Object;)[pri:0, instance:one.protocol.api.tests.APITests@41cfa8fd]" name="logTestStart" is-config="true" duration-ms="1" started-at="2018-11-06T16:54:57Z" finished-at="2018-11-06T16:54:57Z">
          <params>
            <param index="0">
              <value>
                <![CDATA[public void one.protocol.api.tests.APITests.testCreateUser(one.protocol.api.model.User)]]>
              </value>
            </param>
            <param index="1">
              <value>
                <![CDATA[[Ljava.lang.Object;@71dd558b]]>
              </value>
            </param>
          </params>
          <reporter-output>
          </reporter-output>
        </test-method> <!-- logTestStart -->
        <test-method status="PASS" signature="testCreateUser(one.protocol.api.model.User)[pri:0, instance:one.protocol.api.tests.APITests@41cfa8fd]" name="testCreateUser" duration-ms="324" started-at="2018-11-06T16:54:57Z" description="Registration tests" data-provider="registrationDataFromJson" finished-at="2018-11-06T16:54:57Z">
          <params>
            <param index="0">
              <value>
                <![CDATA[User{testName='createUserFailNoEula'}]]>
              </value>
            </param>
          </params>
          <reporter-output>
          </reporter-output>
        </test-method> <!-- testCreateUser -->
        <test-method status="PASS" signature="losTestStop(java.lang.reflect.Method, [Ljava.lang.Object;)[pri:0, instance:one.protocol.api.tests.APITests@41cfa8fd]" name="losTestStop" is-config="true" duration-ms="2" started-at="2018-11-06T16:54:57Z" finished-at="2018-11-06T16:54:57Z">
          <params>
            <param index="0">
              <value>
                <![CDATA[public void one.protocol.api.tests.APITests.testCreateUser(one.protocol.api.model.User)]]>
              </value>
            </param>
            <param index="1">
              <value>
                <![CDATA[[Ljava.lang.Object;@71dd558b]]>
              </value>
            </param>
          </params>
          <reporter-output>
          </reporter-output>
        </test-method> <!-- losTestStop -->
        <test-method status="PASS" signature="logTestStart(java.lang.reflect.Method, [Ljava.lang.Object;)[pri:0, instance:one.protocol.api.tests.APITests@41cfa8fd]" name="logTestStart" is-config="true" duration-ms="1" started-at="2018-11-06T16:54:57Z" finished-at="2018-11-06T16:54:57Z">
          <params>
            <param index="0">
              <value>
                <![CDATA[public void one.protocol.api.tests.APITests.testSocNets() throws java.io.IOException]]>
              </value>
            </param>
            <param index="1">
              <value>
                <![CDATA[[Ljava.lang.Object;@34f7b932]]>
              </value>
            </param>
          </params>
          <reporter-output>
          </reporter-output>
        </test-method> <!-- logTestStart -->
        <test-method status="FAIL" signature="testSocNets()[pri:0, instance:one.protocol.api.tests.APITests@41cfa8fd]" name="testSocNets" duration-ms="726" started-at="2018-11-06T16:54:57Z" description="list of social networks" finished-at="2018-11-06T16:54:58Z">
          <exception class="org.apache.http.client.HttpResponseException">
            <message>
              <![CDATA[Not Found]]>
            </message>
            <full-stacktrace>
              <![CDATA[org.apache.http.client.HttpResponseException: Not Found
at org.apache.http.impl.client.AbstractResponseHandler.handleResponse(AbstractResponseHandler.java:70)
at org.apache.http.client.fluent.Response.handleResponse(Response.java:90)
at org.apache.http.client.fluent.Response.returnContent(Response.java:97)
at one.protocol.api.tests.APITests.testSocNets(APITests.java:58)
at sun.reflect.NativeMethodAccessorImpl.invoke0(Native Method)
at sun.reflect.NativeMethodAccessorImpl.invoke(NativeMethodAccessorImpl.java:62)
at sun.reflect.DelegatingMethodAccessorImpl.invoke(DelegatingMethodAccessorImpl.java:43)
at java.lang.reflect.Method.invoke(Method.java:498)
at org.testng.internal.MethodInvocationHelper.invokeMethod(MethodInvocationHelper.java:124)
at org.testng.internal.Invoker.invokeMethod(Invoker.java:580)
at org.testng.internal.Invoker.invokeTestMethod(Invoker.java:716)
at org.testng.internal.Invoker.invokeTestMethods(Invoker.java:988)
at org.testng.internal.TestMethodWorker.invokeTestMethods(TestMethodWorker.java:125)
at org.testng.internal.TestMethodWorker.run(TestMethodWorker.java:109)
at org.testng.TestRunner.privateRun(TestRunner.java:648)
at org.testng.TestRunner.run(TestRunner.java:505)
at org.testng.SuiteRunner.runTest(SuiteRunner.java:455)
at org.testng.SuiteRunner.runSequentially(SuiteRunner.java:450)
at org.testng.SuiteRunner.privateRun(SuiteRunner.java:415)
at org.testng.SuiteRunner.run(SuiteRunner.java:364)
at org.testng.SuiteRunnerWorker.runSuite(SuiteRunnerWorker.java:52)
at org.testng.SuiteRunnerWorker.run(SuiteRunnerWorker.java:84)
at org.testng.TestNG.runSuitesSequentially(TestNG.java:1208)
at org.testng.TestNG.runSuitesLocally(TestNG.java:1137)
at org.testng.TestNG.runSuites(TestNG.java:1049)
at org.testng.TestNG.run(TestNG.java:1017)
at org.gradle.api.internal.tasks.testing.testng.TestNGTestClassProcessor.runTests(TestNGTestClassProcessor.java:129)
at org.gradle.api.internal.tasks.testing.testng.TestNGTestClassProcessor.stop(TestNGTestClassProcessor.java:88)
at org.gradle.api.internal.tasks.testing.SuiteTestClassProcessor.stop(SuiteTestClassProcessor.java:61)
at sun.reflect.NativeMethodAccessorImpl.invoke0(Native Method)
at sun.reflect.NativeMethodAccessorImpl.invoke(NativeMethodAccessorImpl.java:62)
at sun.reflect.DelegatingMethodAccessorImpl.invoke(DelegatingMethodAccessorImpl.java:43)
at java.lang.reflect.Method.invoke(Method.java:498)
at org.gradle.internal.dispatch.ReflectionDispatch.dispatch(ReflectionDispatch.java:35)
at org.gradle.internal.dispatch.ReflectionDispatch.dispatch(ReflectionDispatch.java:24)
at org.gradle.internal.dispatch.ContextClassLoaderDispatch.dispatch(ContextClassLoaderDispatch.java:32)
at org.gradle.internal.dispatch.ProxyDispatchAdapter$DispatchingInvocationHandler.invoke(ProxyDispatchAdapter.java:93)
at com.sun.proxy.$Proxy1.stop(Unknown Source)
at org.gradle.api.internal.tasks.testing.worker.TestWorker.stop(TestWorker.java:120)
at sun.reflect.NativeMethodAccessorImpl.invoke0(Native Method)
at sun.reflect.NativeMethodAccessorImpl.invoke(NativeMethodAccessorImpl.java:62)
at sun.reflect.DelegatingMethodAccessorImpl.invoke(DelegatingMethodAccessorImpl.java:43)
at java.lang.reflect.Method.invoke(Method.java:498)
at org.gradle.internal.dispatch.ReflectionDispatch.dispatch(ReflectionDispatch.java:35)
at org.gradle.internal.dispatch.ReflectionDispatch.dispatch(ReflectionDispatch.java:24)
at org.gradle.internal.remote.internal.hub.MessageHubBackedObjectConnection$DispatchWrapper.dispatch(MessageHubBackedObjectConnection.java:146)
at org.gradle.internal.remote.internal.hub.MessageHubBackedObjectConnection$DispatchWrapper.dispatch(MessageHubBackedObjectConnection.java:128)
at org.gradle.internal.remote.internal.hub.MessageHub$Handler.run(MessageHub.java:404)
at org.gradle.internal.concurrent.ExecutorPolicy$CatchAndRecordFailures.onExecute(ExecutorPolicy.java:63)
at org.gradle.internal.concurrent.StoppableExecutorImpl$1.run(StoppableExecutorImpl.java:46)
at java.util.concurrent.ThreadPoolExecutor.runWorker(ThreadPoolExecutor.java:1149)
at java.util.concurrent.ThreadPoolExecutor$Worker.run(ThreadPoolExecutor.java:624)
at org.gradle.internal.concurrent.ThreadFactoryImpl$ManagedThreadRunnable.run(ThreadFactoryImpl.java:55)
at java.lang.Thread.run(Thread.java:748)
]]>
            </full-stacktrace>
          </exception> <!-- org.apache.http.client.HttpResponseException -->
          <reporter-output>
          </reporter-output>
        </test-method> <!-- testSocNets -->
        <test-method status="PASS" signature="losTestStop(java.lang.reflect.Method, [Ljava.lang.Object;)[pri:0, instance:one.protocol.api.tests.APITests@41cfa8fd]" name="losTestStop" is-config="true" duration-ms="1" started-at="2018-11-06T16:54:58Z" finished-at="2018-11-06T16:54:58Z">
          <params>
            <param index="0">
              <value>
                <![CDATA[public void one.protocol.api.tests.APITests.testSocNets() throws java.io.IOException]]>
              </value>
            </param>
            <param index="1">
              <value>
                <![CDATA[[Ljava.lang.Object;@34f7b932]]>
              </value>
            </param>
          </params>
          <reporter-output>
          </reporter-output>
        </test-method> <!-- losTestStop -->
      </class> <!-- one.protocol.api.tests.APITests -->
    </test> <!-- Gradle test -->
  </suite> <!-- Gradle suite -->
</testng-results>
