<?xml version="1.0" encoding="UTF-8"?>
<!-- Generated by org.testng.reporters.JUnitXMLReporter -->
<testsuite hostname="PC-060" ignored="0" name="Gradle test" tests="9" failures="1" timestamp="06 ноя 2018 16:54:58 GMT" time="27.777" errors="0">
  <testcase name="testAuthUser" time="5.526" classname="one.protocol.api.tests.APITests"/>
  <testcase name="testAuthUser" time="1.062" classname="one.protocol.api.tests.APITests"/>
  <testcase name="testAuthUser" time="6.048" classname="one.protocol.api.tests.APITests"/>
  <testcase name="testAuthUser" time="11.36" classname="one.protocol.api.tests.APITests"/>
  <testcase name="testCreateUser" time="0.993" classname="one.protocol.api.tests.APITests"/>
  <testcase name="testCreateUser" time="0.344" classname="one.protocol.api.tests.APITests"/>
  <testcase name="testCreateUser" time="0.324" classname="one.protocol.api.tests.APITests"/>
  <testcase name="testCreateUser" time="0.324" classname="one.protocol.api.tests.APITests"/>
  <testcase name="testSocNets" time="0.726" classname="one.protocol.api.tests.APITests">
    <failure type="org.apache.http.client.HttpResponseException" message="Not Found">
      <![CDATA[org.apache.http.client.HttpResponseException: Not Found
at org.apache.http.impl.client.AbstractResponseHandler.handleResponse(AbstractResponseHandler.java:70)
at org.apache.http.client.fluent.Response.handleResponse(Response.java:90)
at org.apache.http.client.fluent.Response.returnContent(Response.java:97)
at one.protocol.api.tests.APITests.testSocNets(APITests.java:58)
at com.sun.proxy.$Proxy1.stop(Unknown Source)
at java.util.concurrent.ThreadPoolExecutor.runWorker(ThreadPoolExecutor.java:1149)
at java.util.concurrent.ThreadPoolExecutor$Worker.run(ThreadPoolExecutor.java:624)
at java.lang.Thread.run(Thread.java:748)
... Removed 46 stack frames]]>
    </failure>
  </testcase> <!-- testSocNets -->
</testsuite> <!-- Gradle test -->
